  project_program.cpp
C:\Users\Eng_Bassam\Desktop\جمال علي\project_program\project_program\father.h(5,1): error C2011:  'father': 'class' type redefinition
C:\Users\Eng_Bassam\Desktop\جمال علي\project_program\project_program\father.h(4): message :  see declaration of 'father'
C:\Users\Eng_Bassam\Desktop\جمال علي\project_program\project_program\purchasing.h(5,1): error C2504:  'father': base class undefined
C:\Users\Eng_Bassam\Desktop\جمال علي\project_program\project_program\project_program.cpp(114,25): error C2039:  'SetNameProject': is not a member of 'sales'
C:\Users\Eng_Bassam\Desktop\جمال علي\project_program\project_program\sales.h(3): message :  see declaration of 'sales'
C:\Users\Eng_Bassam\Desktop\جمال علي\project_program\project_program\project_program.cpp(117,25): error C2039:  'SetProjectType': is not a member of 'sales'
C:\Users\Eng_Bassam\Desktop\جمال علي\project_program\project_program\sales.h(3): message :  see declaration of 'sales'
C:\Users\Eng_Bassam\Desktop\جمال علي\project_program\project_program\project_program.cpp(125,30): error C2039:  'SetProjectNumber': is not a member of 'sales'
C:\Users\Eng_Bassam\Desktop\جمال علي\project_program\project_program\sales.h(3): message :  see declaration of 'sales'
C:\Users\Eng_Bassam\Desktop\جمال علي\project_program\project_program\project_program.cpp(172,100): error C2039:  'GetNameProject': is not a member of 'sales'
C:\Users\Eng_Bassam\Desktop\جمال علي\project_program\project_program\sales.h(3): message :  see declaration of 'sales'
C:\Users\Eng_Bassam\Desktop\جمال علي\project_program\project_program\project_program.cpp(173,101): error C2039:  'GetProjectType': is not a member of 'sales'
C:\Users\Eng_Bassam\Desktop\جمال علي\project_program\project_program\sales.h(3): message :  see declaration of 'sales'
C:\Users\Eng_Bassam\Desktop\جمال علي\project_program\project_program\project_program.cpp(174,104): error C2039:  'GetProjectNumber': is not a member of 'sales'
C:\Users\Eng_Bassam\Desktop\جمال علي\project_program\project_program\sales.h(3): message :  see declaration of 'sales'
C:\Users\Eng_Bassam\Desktop\جمال علي\project_program\project_program\project_program.cpp(184,26): error C2039:  'SetNameProject': is not a member of 'purchasing'
C:\Users\Eng_Bassam\Desktop\جمال علي\project_program\project_program\purchasing.h(3): message :  see declaration of 'purchasing'
C:\Users\Eng_Bassam\Desktop\جمال علي\project_program\project_program\project_program.cpp(187,26): error C2039:  'SetProjectType': is not a member of 'purchasing'
C:\Users\Eng_Bassam\Desktop\جمال علي\project_program\project_program\purchasing.h(3): message :  see declaration of 'purchasing'
C:\Users\Eng_Bassam\Desktop\جمال علي\project_program\project_program\project_program.cpp(195,31): error C2039:  'SetProjectNumber': is not a member of 'purchasing'
C:\Users\Eng_Bassam\Desktop\جمال علي\project_program\project_program\purchasing.h(3): message :  see declaration of 'purchasing'
C:\Users\Eng_Bassam\Desktop\جمال علي\project_program\project_program\project_program.cpp(240,101): error C2039:  'GetNameProject': is not a member of 'purchasing'
C:\Users\Eng_Bassam\Desktop\جمال علي\project_program\project_program\purchasing.h(3): message :  see declaration of 'purchasing'
C:\Users\Eng_Bassam\Desktop\جمال علي\project_program\project_program\project_program.cpp(241,102): error C2039:  'GetProjectType': is not a member of 'purchasing'
C:\Users\Eng_Bassam\Desktop\جمال علي\project_program\project_program\purchasing.h(3): message :  see declaration of 'purchasing'
C:\Users\Eng_Bassam\Desktop\جمال علي\project_program\project_program\project_program.cpp(242,105): error C2039:  'GetProjectNumber': is not a member of 'purchasing'
C:\Users\Eng_Bassam\Desktop\جمال علي\project_program\project_program\purchasing.h(3): message :  see declaration of 'purchasing'
